[2023-07-04 17:25:12,791] INFO [Controller id=0 epoch=1] Sending UpdateMetadata request to brokers HashSet(0) for 0 partitions (state.change.logger)
[2023-07-04 17:26:27,330] INFO [Controller id=0 epoch=1] Sending UpdateMetadata request to brokers HashSet() for 0 partitions (state.change.logger)
[2023-07-04 17:27:41,102] INFO [Controller id=0 epoch=1] Sending UpdateMetadata request to brokers HashSet(0) for 0 partitions (state.change.logger)
[2023-07-04 17:38:28,719] INFO [Controller id=0 epoch=1] Changed partition topico-test-0 state from NonExistentPartition to NewPartition with assigned replicas 0 (state.change.logger)
[2023-07-04 17:38:28,720] INFO [Controller id=0 epoch=1] Sending UpdateMetadata request to brokers HashSet() for 0 partitions (state.change.logger)
[2023-07-04 17:38:28,723] INFO [Controller id=0 epoch=1] Sending UpdateMetadata request to brokers HashSet() for 0 partitions (state.change.logger)
[2023-07-04 17:38:28,748] INFO [Controller id=0 epoch=1] Changed partition topico-test-0 from NewPartition to OnlinePartition with state LeaderAndIsr(leader=0, leaderEpoch=0, isrWithBrokerEpoch=List(BrokerState(brokerId=0, brokerEpoch=-1)), leaderRecoveryState=RECOVERED, partitionEpoch=0) (state.change.logger)
[2023-07-04 17:38:28,753] INFO [Controller id=0 epoch=1] Sending LeaderAndIsr request to broker 0 with 1 become-leader and 0 become-follower partitions (state.change.logger)
[2023-07-04 17:38:28,755] INFO [Controller id=0 epoch=1] Sending UpdateMetadata request to brokers HashSet(0) for 1 partitions (state.change.logger)
[2023-07-04 17:38:28,756] INFO [Controller id=0 epoch=1] Sending UpdateMetadata request to brokers HashSet() for 0 partitions (state.change.logger)
[2023-07-04 17:38:28,766] INFO [Broker id=0] Handling LeaderAndIsr request correlationId 1 from controller 0 for 1 partitions (state.change.logger)
[2023-07-04 17:38:28,783] INFO [Broker id=0] Stopped fetchers as part of LeaderAndIsr request correlationId 1 from controller 0 epoch 1 as part of the become-leader transition for 1 partitions (state.change.logger)
[2023-07-04 17:38:28,859] INFO [Broker id=0] Leader topico-test-0 with topic id Some(o_faTMDUTOSfgUv86JU5CA) starts at leader epoch 0 from offset 0 with partition epoch 0, high watermark 0, ISR [0], adding replicas [] and removing replicas [] . Previous leader epoch was -1. (state.change.logger)
[2023-07-04 17:38:28,920] INFO [Broker id=0] Finished LeaderAndIsr request in 155ms correlationId 1 from controller 0 for 1 partitions (state.change.logger)
[2023-07-04 17:38:28,926] INFO [Broker id=0] Add 1 partitions and deleted 0 partitions from metadata cache in response to UpdateMetadata request sent by controller 0 epoch 1 with correlation id 2 (state.change.logger)
[2023-07-04 17:56:48,537] INFO [Controller id=0 epoch=1] Sending UpdateMetadata request to brokers HashSet() for 0 partitions (state.change.logger)
[2023-07-04 17:56:48,537] INFO [Controller id=0 epoch=1] Sending UpdateMetadata request to brokers HashSet() for 0 partitions (state.change.logger)
[2023-07-04 17:56:48,537] INFO [Controller id=0 epoch=1] Sending UpdateMetadata request to brokers HashSet(0) for 1 partitions (state.change.logger)
[2023-07-04 17:56:48,541] INFO [Broker id=0] Add 0 partitions and deleted 1 partitions from metadata cache in response to UpdateMetadata request sent by controller 0 epoch 1 with correlation id 3 (state.change.logger)
[2023-07-04 17:56:48,555] INFO [Controller id=0 epoch=1] Partition topico-test-0 state changed to (Leader:-1,ISR:0,LeaderRecoveryState:RECOVERED,LeaderEpoch:1,ZkVersion:1,ControllerEpoch:1) after removing replica 0 from the ISR as part of transition to OfflineReplica (state.change.logger)
[2023-07-04 17:56:48,556] INFO [Controller id=0 epoch=1] Sending UpdateMetadata request to brokers HashSet() for 0 partitions (state.change.logger)
[2023-07-04 17:56:48,558] INFO [Controller id=0 epoch=1] Sending StopReplica request for 1 replicas to broker 0 (state.change.logger)
[2023-07-04 17:56:48,559] INFO [Controller id=0 epoch=1] Sending UpdateMetadata request to brokers HashSet() for 0 partitions (state.change.logger)
[2023-07-04 17:56:48,559] INFO [Controller id=0 epoch=1] Sending StopReplica request for 1 replicas to broker 0 (state.change.logger)
[2023-07-04 17:56:48,561] INFO [Broker id=0] Handling StopReplica request correlationId 4 from controller 0 for 1 partitions (state.change.logger)
[2023-07-04 17:56:48,569] INFO [Broker id=0] Handling StopReplica request correlationId 5 from controller 0 for 1 partitions (state.change.logger)
[2023-07-04 17:56:48,589] ERROR [Broker id=0] Ignoring StopReplica request (delete=true) from controller 0 with correlation id 5 epoch 1 for partition topico-test-0 as the local replica for the partition is in an offline log directory (state.change.logger)
[2023-07-04 17:56:48,592] INFO [Controller id=0 epoch=1] Sending UpdateMetadata request to brokers HashSet() for 0 partitions (state.change.logger)
[2023-07-04 18:18:51,897] INFO [Controller id=0 epoch=2] Sending UpdateMetadata request to brokers HashSet(0) for 0 partitions (state.change.logger)
[2023-07-04 18:18:51,935] INFO [Controller id=0 epoch=2] Sending LeaderAndIsr request to broker 0 with 0 become-leader and 1 become-follower partitions (state.change.logger)
[2023-07-04 18:18:51,941] INFO [Controller id=0 epoch=2] Sending UpdateMetadata request to brokers HashSet(0) for 1 partitions (state.change.logger)
[2023-07-04 18:18:51,956] INFO [Controller id=0 epoch=2] Sending UpdateMetadata request to brokers HashSet() for 0 partitions (state.change.logger)
[2023-07-04 18:18:51,957] INFO [Controller id=0 epoch=2] Sending UpdateMetadata request to brokers HashSet() for 0 partitions (state.change.logger)
[2023-07-04 18:18:51,958] INFO [Controller id=0 epoch=2] Sending UpdateMetadata request to brokers HashSet(0) for 1 partitions (state.change.logger)
[2023-07-04 18:18:51,986] INFO [Controller id=0 epoch=2] Partition topico-test-0 state changed to (Leader:-1,ISR:0,LeaderRecoveryState:RECOVERED,LeaderEpoch:3,ZkVersion:3,ControllerEpoch:2) after removing replica 0 from the ISR as part of transition to OfflineReplica (state.change.logger)
[2023-07-04 18:18:51,988] INFO [Controller id=0 epoch=2] Sending UpdateMetadata request to brokers HashSet() for 0 partitions (state.change.logger)
[2023-07-04 18:18:51,989] INFO [Controller id=0 epoch=2] Sending StopReplica request for 1 replicas to broker 0 (state.change.logger)
[2023-07-04 18:18:51,991] INFO [Controller id=0 epoch=2] Sending UpdateMetadata request to brokers HashSet() for 0 partitions (state.change.logger)
[2023-07-04 18:18:51,991] INFO [Controller id=0 epoch=2] Sending StopReplica request for 1 replicas to broker 0 (state.change.logger)
[2023-07-04 18:18:52,430] INFO [Broker id=0] Handling LeaderAndIsr request correlationId 1 from controller 0 for 1 partitions (state.change.logger)
[2023-07-04 18:18:52,449] ERROR [Broker id=0] Received LeaderAndIsrRequest with correlation id 1 from controller 0 epoch 2 for partition topico-test-0 (last update controller epoch 1) but cannot become follower since the new leader -1 is unavailable. (state.change.logger)
[2023-07-04 18:18:52,458] INFO [Broker id=0] Stopped fetchers as part of become-follower request from controller 0 epoch 2 with correlation id 1 for 0 partitions (state.change.logger)
[2023-07-04 18:18:52,470] INFO [Broker id=0] Finished LeaderAndIsr request in 40ms correlationId 1 from controller 0 for 1 partitions (state.change.logger)
[2023-07-04 18:18:52,479] INFO [Broker id=0] Add 0 partitions and deleted 1 partitions from metadata cache in response to UpdateMetadata request sent by controller 0 epoch 2 with correlation id 2 (state.change.logger)
[2023-07-04 18:18:52,483] INFO [Broker id=0] Add 0 partitions and deleted 1 partitions from metadata cache in response to UpdateMetadata request sent by controller 0 epoch 2 with correlation id 3 (state.change.logger)
[2023-07-04 18:18:52,485] INFO [Broker id=0] Handling StopReplica request correlationId 4 from controller 0 for 1 partitions (state.change.logger)
[2023-07-04 18:18:52,493] INFO [Broker id=0] Handling StopReplica request correlationId 5 from controller 0 for 1 partitions (state.change.logger)
[2023-07-04 18:18:52,502] INFO [Controller id=0 epoch=2] Changed partition test-0 state from NonExistentPartition to NewPartition with assigned replicas 0 (state.change.logger)
[2023-07-04 18:18:52,503] INFO [Controller id=0 epoch=2] Sending UpdateMetadata request to brokers HashSet() for 0 partitions (state.change.logger)
[2023-07-04 18:18:52,504] INFO [Controller id=0 epoch=2] Sending UpdateMetadata request to brokers HashSet() for 0 partitions (state.change.logger)
[2023-07-04 18:18:52,519] INFO [Controller id=0 epoch=2] Changed partition test-0 from NewPartition to OnlinePartition with state LeaderAndIsr(leader=0, leaderEpoch=0, isrWithBrokerEpoch=List(BrokerState(brokerId=0, brokerEpoch=-1)), leaderRecoveryState=RECOVERED, partitionEpoch=0) (state.change.logger)
[2023-07-04 18:18:52,519] INFO [Controller id=0 epoch=2] Sending LeaderAndIsr request to broker 0 with 1 become-leader and 0 become-follower partitions (state.change.logger)
[2023-07-04 18:18:52,519] INFO [Controller id=0 epoch=2] Sending UpdateMetadata request to brokers HashSet(0) for 1 partitions (state.change.logger)
[2023-07-04 18:18:52,520] INFO [Controller id=0 epoch=2] Sending UpdateMetadata request to brokers HashSet() for 0 partitions (state.change.logger)
[2023-07-04 18:18:52,522] ERROR [Broker id=0] Ignoring StopReplica request (delete=true) from controller 0 with correlation id 5 epoch 2 for partition topico-test-0 as the local replica for the partition is in an offline log directory (state.change.logger)
[2023-07-04 18:18:52,527] INFO [Broker id=0] Handling LeaderAndIsr request correlationId 6 from controller 0 for 1 partitions (state.change.logger)
[2023-07-04 18:18:52,527] INFO [Controller id=0 epoch=2] Sending UpdateMetadata request to brokers HashSet() for 0 partitions (state.change.logger)
[2023-07-04 18:18:52,532] INFO [Broker id=0] Stopped fetchers as part of LeaderAndIsr request correlationId 6 from controller 0 epoch 2 as part of the become-leader transition for 1 partitions (state.change.logger)
[2023-07-04 18:19:55,946] INFO [Controller id=0 epoch=3] Sending UpdateMetadata request to brokers HashSet(0) for 0 partitions (state.change.logger)
[2023-07-04 18:19:55,999] INFO [Controller id=0 epoch=3] Sending LeaderAndIsr request to broker 0 with 1 become-leader and 1 become-follower partitions (state.change.logger)
[2023-07-04 18:19:56,005] INFO [Controller id=0 epoch=3] Sending UpdateMetadata request to brokers HashSet(0) for 2 partitions (state.change.logger)
[2023-07-04 18:19:56,023] INFO [Controller id=0 epoch=3] Sending UpdateMetadata request to brokers HashSet() for 0 partitions (state.change.logger)
[2023-07-04 18:19:56,023] INFO [Controller id=0 epoch=3] Sending UpdateMetadata request to brokers HashSet() for 0 partitions (state.change.logger)
[2023-07-04 18:19:56,024] INFO [Controller id=0 epoch=3] Sending UpdateMetadata request to brokers HashSet(0) for 1 partitions (state.change.logger)
[2023-07-04 18:19:56,046] INFO [Controller id=0 epoch=3] Partition topico-test-0 state changed to (Leader:-1,ISR:0,LeaderRecoveryState:RECOVERED,LeaderEpoch:5,ZkVersion:5,ControllerEpoch:3) after removing replica 0 from the ISR as part of transition to OfflineReplica (state.change.logger)
[2023-07-04 18:19:56,048] INFO [Controller id=0 epoch=3] Sending UpdateMetadata request to brokers HashSet() for 0 partitions (state.change.logger)
[2023-07-04 18:19:56,049] INFO [Controller id=0 epoch=3] Sending StopReplica request for 1 replicas to broker 0 (state.change.logger)
[2023-07-04 18:19:56,051] INFO [Controller id=0 epoch=3] Sending UpdateMetadata request to brokers HashSet() for 0 partitions (state.change.logger)
[2023-07-04 18:19:56,051] INFO [Controller id=0 epoch=3] Sending StopReplica request for 1 replicas to broker 0 (state.change.logger)
[2023-07-04 18:19:56,522] INFO [Broker id=0] Handling LeaderAndIsr request correlationId 1 from controller 0 for 2 partitions (state.change.logger)
[2023-07-04 18:19:56,536] INFO [Broker id=0] Stopped fetchers as part of LeaderAndIsr request correlationId 1 from controller 0 epoch 3 as part of the become-leader transition for 1 partitions (state.change.logger)
[2023-07-04 18:19:56,556] INFO [Broker id=0] Leader test-0 with topic id Some(0UmNHHoSRaGWmckb39wA6g) starts at leader epoch 0 from offset 0 with partition epoch 0, high watermark 0, ISR [0], adding replicas [] and removing replicas [] . Previous leader epoch was -1. (state.change.logger)
[2023-07-04 18:19:56,564] ERROR [Broker id=0] Received LeaderAndIsrRequest with correlation id 1 from controller 0 epoch 3 for partition topico-test-0 (last update controller epoch 2) but cannot become follower since the new leader -1 is unavailable. (state.change.logger)
[2023-07-04 18:19:56,565] INFO [Broker id=0] Stopped fetchers as part of become-follower request from controller 0 epoch 3 with correlation id 1 for 0 partitions (state.change.logger)
[2023-07-04 18:19:56,574] INFO [Broker id=0] Finished LeaderAndIsr request in 52ms correlationId 1 from controller 0 for 2 partitions (state.change.logger)
[2023-07-04 18:19:56,582] INFO [Broker id=0] Add 1 partitions and deleted 1 partitions from metadata cache in response to UpdateMetadata request sent by controller 0 epoch 3 with correlation id 2 (state.change.logger)
[2023-07-04 18:19:56,584] INFO [Broker id=0] Add 0 partitions and deleted 1 partitions from metadata cache in response to UpdateMetadata request sent by controller 0 epoch 3 with correlation id 3 (state.change.logger)
[2023-07-04 18:19:56,587] INFO [Broker id=0] Handling StopReplica request correlationId 4 from controller 0 for 1 partitions (state.change.logger)
[2023-07-04 18:19:56,594] INFO [Broker id=0] Handling StopReplica request correlationId 5 from controller 0 for 1 partitions (state.change.logger)
[2023-07-04 18:19:56,615] ERROR [Broker id=0] Ignoring StopReplica request (delete=true) from controller 0 with correlation id 5 epoch 3 for partition topico-test-0 as the local replica for the partition is in an offline log directory (state.change.logger)
[2023-07-04 18:19:56,620] INFO [Controller id=0 epoch=3] Sending UpdateMetadata request to brokers HashSet() for 0 partitions (state.change.logger)
[2023-07-04 18:53:42,605] INFO [Controller id=0 epoch=4] Sending UpdateMetadata request to brokers HashSet(0) for 0 partitions (state.change.logger)
[2023-07-04 18:53:42,648] INFO [Controller id=0 epoch=4] Sending LeaderAndIsr request to broker 0 with 1 become-leader and 1 become-follower partitions (state.change.logger)
[2023-07-04 18:53:42,653] INFO [Controller id=0 epoch=4] Sending UpdateMetadata request to brokers HashSet(0) for 2 partitions (state.change.logger)
[2023-07-04 18:53:42,675] INFO [Controller id=0 epoch=4] Sending UpdateMetadata request to brokers HashSet() for 0 partitions (state.change.logger)
[2023-07-04 18:53:42,675] INFO [Controller id=0 epoch=4] Sending UpdateMetadata request to brokers HashSet() for 0 partitions (state.change.logger)
[2023-07-04 18:53:42,676] INFO [Controller id=0 epoch=4] Sending UpdateMetadata request to brokers HashSet(0) for 1 partitions (state.change.logger)
[2023-07-04 18:53:42,704] INFO [Controller id=0 epoch=4] Partition topico-test-0 state changed to (Leader:-1,ISR:0,LeaderRecoveryState:RECOVERED,LeaderEpoch:7,ZkVersion:7,ControllerEpoch:4) after removing replica 0 from the ISR as part of transition to OfflineReplica (state.change.logger)
[2023-07-04 18:53:42,706] INFO [Controller id=0 epoch=4] Sending UpdateMetadata request to brokers HashSet() for 0 partitions (state.change.logger)
[2023-07-04 18:53:42,708] INFO [Controller id=0 epoch=4] Sending StopReplica request for 1 replicas to broker 0 (state.change.logger)
[2023-07-04 18:53:42,711] INFO [Controller id=0 epoch=4] Sending UpdateMetadata request to brokers HashSet() for 0 partitions (state.change.logger)
[2023-07-04 18:53:42,711] INFO [Controller id=0 epoch=4] Sending StopReplica request for 1 replicas to broker 0 (state.change.logger)
[2023-07-04 18:53:43,177] INFO [Broker id=0] Handling LeaderAndIsr request correlationId 1 from controller 0 for 2 partitions (state.change.logger)
[2023-07-04 18:53:43,196] INFO [Broker id=0] Stopped fetchers as part of LeaderAndIsr request correlationId 1 from controller 0 epoch 4 as part of the become-leader transition for 1 partitions (state.change.logger)
[2023-07-04 18:53:43,212] INFO [Broker id=0] Leader test-0 with topic id Some(0UmNHHoSRaGWmckb39wA6g) starts at leader epoch 0 from offset 0 with partition epoch 0, high watermark 0, ISR [0], adding replicas [] and removing replicas [] . Previous leader epoch was -1. (state.change.logger)
[2023-07-04 18:53:43,223] ERROR [Broker id=0] Received LeaderAndIsrRequest with correlation id 1 from controller 0 epoch 4 for partition topico-test-0 (last update controller epoch 3) but cannot become follower since the new leader -1 is unavailable. (state.change.logger)
[2023-07-04 18:53:43,225] INFO [Broker id=0] Stopped fetchers as part of become-follower request from controller 0 epoch 4 with correlation id 1 for 0 partitions (state.change.logger)
[2023-07-04 18:53:43,235] INFO [Broker id=0] Finished LeaderAndIsr request in 60ms correlationId 1 from controller 0 for 2 partitions (state.change.logger)
[2023-07-04 18:53:43,243] INFO [Broker id=0] Add 1 partitions and deleted 1 partitions from metadata cache in response to UpdateMetadata request sent by controller 0 epoch 4 with correlation id 2 (state.change.logger)
[2023-07-04 18:53:43,245] INFO [Broker id=0] Add 0 partitions and deleted 1 partitions from metadata cache in response to UpdateMetadata request sent by controller 0 epoch 4 with correlation id 3 (state.change.logger)
[2023-07-04 18:53:43,248] INFO [Broker id=0] Handling StopReplica request correlationId 4 from controller 0 for 1 partitions (state.change.logger)
[2023-07-04 18:53:43,256] INFO [Broker id=0] Handling StopReplica request correlationId 5 from controller 0 for 1 partitions (state.change.logger)
[2023-07-04 18:53:43,281] ERROR [Broker id=0] Ignoring StopReplica request (delete=true) from controller 0 with correlation id 5 epoch 4 for partition topico-test-0 as the local replica for the partition is in an offline log directory (state.change.logger)
[2023-07-04 18:53:43,285] INFO [Controller id=0 epoch=4] Sending UpdateMetadata request to brokers HashSet() for 0 partitions (state.change.logger)
[2023-07-04 18:55:41,406] INFO [Controller id=0 epoch=2] Sending UpdateMetadata request to brokers HashSet(0) for 0 partitions (state.change.logger)
[2023-07-04 18:55:56,344] INFO [Controller id=0 epoch=2] Changed partition topic-test-0 state from NonExistentPartition to NewPartition with assigned replicas 0 (state.change.logger)
[2023-07-04 18:55:56,344] INFO [Controller id=0 epoch=2] Sending UpdateMetadata request to brokers HashSet() for 0 partitions (state.change.logger)
[2023-07-04 18:55:56,347] INFO [Controller id=0 epoch=2] Sending UpdateMetadata request to brokers HashSet() for 0 partitions (state.change.logger)
[2023-07-04 18:55:56,369] INFO [Controller id=0 epoch=2] Changed partition topic-test-0 from NewPartition to OnlinePartition with state LeaderAndIsr(leader=0, leaderEpoch=0, isrWithBrokerEpoch=List(BrokerState(brokerId=0, brokerEpoch=-1)), leaderRecoveryState=RECOVERED, partitionEpoch=0) (state.change.logger)
[2023-07-04 18:55:56,371] INFO [Controller id=0 epoch=2] Sending LeaderAndIsr request to broker 0 with 1 become-leader and 0 become-follower partitions (state.change.logger)
[2023-07-04 18:55:56,373] INFO [Controller id=0 epoch=2] Sending UpdateMetadata request to brokers HashSet(0) for 1 partitions (state.change.logger)
[2023-07-04 18:55:56,374] INFO [Controller id=0 epoch=2] Sending UpdateMetadata request to brokers HashSet() for 0 partitions (state.change.logger)
[2023-07-04 18:55:56,378] INFO [Broker id=0] Handling LeaderAndIsr request correlationId 1 from controller 0 for 1 partitions (state.change.logger)
[2023-07-04 18:55:56,403] INFO [Broker id=0] Stopped fetchers as part of LeaderAndIsr request correlationId 1 from controller 0 epoch 2 as part of the become-leader transition for 1 partitions (state.change.logger)
[2023-07-04 18:55:56,464] INFO [Broker id=0] Leader topic-test-0 with topic id Some(WuPXnNxaRnKtPEQzYGMaZA) starts at leader epoch 0 from offset 0 with partition epoch 0, high watermark 0, ISR [0], adding replicas [] and removing replicas [] . Previous leader epoch was -1. (state.change.logger)
[2023-07-04 18:55:56,478] INFO [Broker id=0] Finished LeaderAndIsr request in 102ms correlationId 1 from controller 0 for 1 partitions (state.change.logger)
[2023-07-04 18:55:56,487] INFO [Broker id=0] Add 1 partitions and deleted 0 partitions from metadata cache in response to UpdateMetadata request sent by controller 0 epoch 2 with correlation id 2 (state.change.logger)
[2023-07-04 18:56:19,817] INFO [Controller id=0 epoch=2] Changed partition producer-test-0 state from NonExistentPartition to NewPartition with assigned replicas 0 (state.change.logger)
[2023-07-04 18:56:19,817] INFO [Controller id=0 epoch=2] Sending UpdateMetadata request to brokers HashSet() for 0 partitions (state.change.logger)
[2023-07-04 18:56:19,817] INFO [Controller id=0 epoch=2] Sending UpdateMetadata request to brokers HashSet() for 0 partitions (state.change.logger)
[2023-07-04 18:56:19,824] INFO [Controller id=0 epoch=2] Changed partition producer-test-0 from NewPartition to OnlinePartition with state LeaderAndIsr(leader=0, leaderEpoch=0, isrWithBrokerEpoch=List(BrokerState(brokerId=0, brokerEpoch=-1)), leaderRecoveryState=RECOVERED, partitionEpoch=0) (state.change.logger)
[2023-07-04 18:56:19,824] INFO [Controller id=0 epoch=2] Sending LeaderAndIsr request to broker 0 with 1 become-leader and 0 become-follower partitions (state.change.logger)
[2023-07-04 18:56:19,824] INFO [Controller id=0 epoch=2] Sending UpdateMetadata request to brokers HashSet(0) for 1 partitions (state.change.logger)
[2023-07-04 18:56:19,824] INFO [Controller id=0 epoch=2] Sending UpdateMetadata request to brokers HashSet() for 0 partitions (state.change.logger)
[2023-07-04 18:56:19,825] INFO [Broker id=0] Handling LeaderAndIsr request correlationId 3 from controller 0 for 1 partitions (state.change.logger)
[2023-07-04 18:56:19,826] INFO [Broker id=0] Stopped fetchers as part of LeaderAndIsr request correlationId 3 from controller 0 epoch 2 as part of the become-leader transition for 1 partitions (state.change.logger)
[2023-07-04 18:56:19,838] INFO [Broker id=0] Leader producer-test-0 with topic id Some(BlHhNUviQ42Y2b1Yw9ayig) starts at leader epoch 0 from offset 0 with partition epoch 0, high watermark 0, ISR [0], adding replicas [] and removing replicas [] . Previous leader epoch was -1. (state.change.logger)
[2023-07-04 18:56:19,840] INFO [Broker id=0] Finished LeaderAndIsr request in 15ms correlationId 3 from controller 0 for 1 partitions (state.change.logger)
[2023-07-04 18:56:19,841] INFO [Broker id=0] Add 1 partitions and deleted 0 partitions from metadata cache in response to UpdateMetadata request sent by controller 0 epoch 2 with correlation id 4 (state.change.logger)
[2023-07-04 18:57:41,120] INFO [Controller id=0 epoch=2] Changed partition __consumer_offsets-22 state from NonExistentPartition to NewPartition with assigned replicas 0 (state.change.logger)
[2023-07-04 18:57:41,120] INFO [Controller id=0 epoch=2] Changed partition __consumer_offsets-30 state from NonExistentPartition to NewPartition with assigned replicas 0 (state.change.logger)
[2023-07-04 18:57:41,120] INFO [Controller id=0 epoch=2] Changed partition __consumer_offsets-25 state from NonExistentPartition to NewPartition with assigned replicas 0 (state.change.logger)
[2023-07-04 18:57:41,120] INFO [Controller id=0 epoch=2] Changed partition __consumer_offsets-35 state from NonExistentPartition to NewPartition with assigned replicas 0 (state.change.logger)
[2023-07-04 18:57:41,120] INFO [Controller id=0 epoch=2] Changed partition __consumer_offsets-37 state from NonExistentPartition to NewPartition with assigned replicas 0 (state.change.logger)
[2023-07-04 18:57:41,120] INFO [Controller id=0 epoch=2] Changed partition __consumer_offsets-38 state from NonExistentPartition to NewPartition with assigned replicas 0 (state.change.logger)
[2023-07-04 18:57:41,120] INFO [Controller id=0 epoch=2] Changed partition __consumer_offsets-13 state from NonExistentPartition to NewPartition with assigned replicas 0 (state.change.logger)
[2023-07-04 18:57:41,120] INFO [Controller id=0 epoch=2] Changed partition __consumer_offsets-8 state from NonExistentPartition to NewPartition with assigned replicas 0 (state.change.logger)
[2023-07-04 18:57:41,120] INFO [Controller id=0 epoch=2] Changed partition __consumer_offsets-21 state from NonExistentPartition to NewPartition with assigned replicas 0 (state.change.logger)
[2023-07-04 18:57:41,120] INFO [Controller id=0 epoch=2] Changed partition __consumer_offsets-4 state from NonExistentPartition to NewPartition with assigned replicas 0 (state.change.logger)
[2023-07-04 18:57:41,121] INFO [Controller id=0 epoch=2] Changed partition __consumer_offsets-27 state from NonExistentPartition to NewPartition with assigned replicas 0 (state.change.logger)
[2023-07-04 18:57:41,121] INFO [Controller id=0 epoch=2] Changed partition __consumer_offsets-7 state from NonExistentPartition to NewPartition with assigned replicas 0 (state.change.logger)
[2023-07-04 18:57:41,121] INFO [Controller id=0 epoch=2] Changed partition __consumer_offsets-9 state from NonExistentPartition to NewPartition with assigned replicas 0 (state.change.logger)
[2023-07-04 18:57:41,121] INFO [Controller id=0 epoch=2] Changed partition __consumer_offsets-46 state from NonExistentPartition to NewPartition with assigned replicas 0 (state.change.logger)
[2023-07-04 18:57:41,121] INFO [Controller id=0 epoch=2] Changed partition __consumer_offsets-41 state from NonExistentPartition to NewPartition with assigned replicas 0 (state.change.logger)
[2023-07-04 18:57:41,121] INFO [Controller id=0 epoch=2] Changed partition __consumer_offsets-33 state from NonExistentPartition to NewPartition with assigned replicas 0 (state.change.logger)
[2023-07-04 18:57:41,121] INFO [Controller id=0 epoch=2] Changed partition __consumer_offsets-23 state from NonExistentPartition to NewPartition with assigned replicas 0 (state.change.logger)
[2023-07-04 18:57:41,121] INFO [Controller id=0 epoch=2] Changed partition __consumer_offsets-49 state from NonExistentPartition to NewPartition with assigned replicas 0 (state.change.logger)
[2023-07-04 18:57:41,121] INFO [Controller id=0 epoch=2] Changed partition __consumer_offsets-47 state from NonExistentPartition to NewPartition with assigned replicas 0 (state.change.logger)
[2023-07-04 18:57:41,121] INFO [Controller id=0 epoch=2] Changed partition __consumer_offsets-16 state from NonExistentPartition to NewPartition with assigned replicas 0 (state.change.logger)
[2023-07-04 18:57:41,121] INFO [Controller id=0 epoch=2] Changed partition __consumer_offsets-28 state from NonExistentPartition to NewPartition with assigned replicas 0 (state.change.logger)
[2023-07-04 18:57:41,121] INFO [Controller id=0 epoch=2] Changed partition __consumer_offsets-31 state from NonExistentPartition to NewPartition with assigned replicas 0 (state.change.logger)
[2023-07-04 18:57:41,121] INFO [Controller id=0 epoch=2] Changed partition __consumer_offsets-36 state from NonExistentPartition to NewPartition with assigned replicas 0 (state.change.logger)
[2023-07-04 18:57:41,121] INFO [Controller id=0 epoch=2] Changed partition __consumer_offsets-42 state from NonExistentPartition to NewPartition with assigned replicas 0 (state.change.logger)
[2023-07-04 18:57:41,121] INFO [Controller id=0 epoch=2] Changed partition __consumer_offsets-3 state from NonExistentPartition to NewPartition with assigned replicas 0 (state.change.logger)
[2023-07-04 18:57:41,121] INFO [Controller id=0 epoch=2] Changed partition __consumer_offsets-18 state from NonExistentPartition to NewPartition with assigned replicas 0 (state.change.logger)
[2023-07-04 18:57:41,121] INFO [Controller id=0 epoch=2] Changed partition __consumer_offsets-15 state from NonExistentPartition to NewPartition with assigned replicas 0 (state.change.logger)
[2023-07-04 18:57:41,121] INFO [Controller id=0 epoch=2] Changed partition __consumer_offsets-24 state from NonExistentPartition to NewPartition with assigned replicas 0 (state.change.logger)
[2023-07-04 18:57:41,121] INFO [Controller id=0 epoch=2] Changed partition __consumer_offsets-17 state from NonExistentPartition to NewPartition with assigned replicas 0 (state.change.logger)
[2023-07-04 18:57:41,121] INFO [Controller id=0 epoch=2] Changed partition __consumer_offsets-48 state from NonExistentPartition to NewPartition with assigned replicas 0 (state.change.logger)
[2023-07-04 18:57:41,121] INFO [Controller id=0 epoch=2] Changed partition __consumer_offsets-19 state from NonExistentPartition to NewPartition with assigned replicas 0 (state.change.logger)
[2023-07-04 18:57:41,121] INFO [Controller id=0 epoch=2] Changed partition __consumer_offsets-11 state from NonExistentPartition to NewPartition with assigned replicas 0 (state.change.logger)
[2023-07-04 18:57:41,121] INFO [Controller id=0 epoch=2] Changed partition __consumer_offsets-2 state from NonExistentPartition to NewPartition with assigned replicas 0 (state.change.logger)
[2023-07-04 18:57:41,121] INFO [Controller id=0 epoch=2] Changed partition __consumer_offsets-43 state from NonExistentPartition to NewPartition with assigned replicas 0 (state.change.logger)
[2023-07-04 18:57:41,121] INFO [Controller id=0 epoch=2] Changed partition __consumer_offsets-6 state from NonExistentPartition to NewPartition with assigned replicas 0 (state.change.logger)
[2023-07-04 18:57:41,121] INFO [Controller id=0 epoch=2] Changed partition __consumer_offsets-14 state from NonExistentPartition to NewPartition with assigned replicas 0 (state.change.logger)
[2023-07-04 18:57:41,121] INFO [Controller id=0 epoch=2] Changed partition __consumer_offsets-20 state from NonExistentPartition to NewPartition with assigned replicas 0 (state.change.logger)
[2023-07-04 18:57:41,121] INFO [Controller id=0 epoch=2] Changed partition __consumer_offsets-0 state from NonExistentPartition to NewPartition with assigned replicas 0 (state.change.logger)
[2023-07-04 18:57:41,121] INFO [Controller id=0 epoch=2] Changed partition __consumer_offsets-44 state from NonExistentPartition to NewPartition with assigned replicas 0 (state.change.logger)
[2023-07-04 18:57:41,121] INFO [Controller id=0 epoch=2] Changed partition __consumer_offsets-39 state from NonExistentPartition to NewPartition with assigned replicas 0 (state.change.logger)
[2023-07-04 18:57:41,121] INFO [Controller id=0 epoch=2] Changed partition __consumer_offsets-12 state from NonExistentPartition to NewPartition with assigned replicas 0 (state.change.logger)
[2023-07-04 18:57:41,121] INFO [Controller id=0 epoch=2] Changed partition __consumer_offsets-45 state from NonExistentPartition to NewPartition with assigned replicas 0 (state.change.logger)
[2023-07-04 18:57:41,121] INFO [Controller id=0 epoch=2] Changed partition __consumer_offsets-1 state from NonExistentPartition to NewPartition with assigned replicas 0 (state.change.logger)
[2023-07-04 18:57:41,121] INFO [Controller id=0 epoch=2] Changed partition __consumer_offsets-5 state from NonExistentPartition to NewPartition with assigned replicas 0 (state.change.logger)
[2023-07-04 18:57:41,121] INFO [Controller id=0 epoch=2] Changed partition __consumer_offsets-26 state from NonExistentPartition to NewPartition with assigned replicas 0 (state.change.logger)
[2023-07-04 18:57:41,121] INFO [Controller id=0 epoch=2] Changed partition __consumer_offsets-29 state from NonExistentPartition to NewPartition with assigned replicas 0 (state.change.logger)
[2023-07-04 18:57:41,121] INFO [Controller id=0 epoch=2] Changed partition __consumer_offsets-34 state from NonExistentPartition to NewPartition with assigned replicas 0 (state.change.logger)
[2023-07-04 18:57:41,122] INFO [Controller id=0 epoch=2] Changed partition __consumer_offsets-10 state from NonExistentPartition to NewPartition with assigned replicas 0 (state.change.logger)
[2023-07-04 18:57:41,122] INFO [Controller id=0 epoch=2] Changed partition __consumer_offsets-32 state from NonExistentPartition to NewPartition with assigned replicas 0 (state.change.logger)
[2023-07-04 18:57:41,122] INFO [Controller id=0 epoch=2] Changed partition __consumer_offsets-40 state from NonExistentPartition to NewPartition with assigned replicas 0 (state.change.logger)
[2023-07-04 18:57:41,122] INFO [Controller id=0 epoch=2] Sending UpdateMetadata request to brokers HashSet() for 0 partitions (state.change.logger)
[2023-07-04 18:57:41,123] INFO [Controller id=0 epoch=2] Sending UpdateMetadata request to brokers HashSet() for 0 partitions (state.change.logger)
[2023-07-04 18:57:41,169] INFO [Controller id=0 epoch=2] Changed partition __consumer_offsets-22 from NewPartition to OnlinePartition with state LeaderAndIsr(leader=0, leaderEpoch=0, isrWithBrokerEpoch=List(BrokerState(brokerId=0, brokerEpoch=-1)), leaderRecoveryState=RECOVERED, partitionEpoch=0) (state.change.logger)
[2023-07-04 18:57:41,169] INFO [Controller id=0 epoch=2] Changed partition __consumer_offsets-30 from NewPartition to OnlinePartition with state LeaderAndIsr(leader=0, leaderEpoch=0, isrWithBrokerEpoch=List(BrokerState(brokerId=0, brokerEpoch=-1)), leaderRecoveryState=RECOVERED, partitionEpoch=0) (state.change.logger)
[2023-07-04 18:57:41,169] INFO [Controller id=0 epoch=2] Changed partition __consumer_offsets-25 from NewPartition to OnlinePartition with state LeaderAndIsr(leader=0, leaderEpoch=0, isrWithBrokerEpoch=List(BrokerState(brokerId=0, brokerEpoch=-1)), leaderRecoveryState=RECOVERED, partitionEpoch=0) (state.change.logger)
[2023-07-04 18:57:41,169] INFO [Controller id=0 epoch=2] Changed partition __consumer_offsets-35 from NewPartition to OnlinePartition with state LeaderAndIsr(leader=0, leaderEpoch=0, isrWithBrokerEpoch=List(BrokerState(brokerId=0, brokerEpoch=-1)), leaderRecoveryState=RECOVERED, partitionEpoch=0) (state.change.logger)
[2023-07-04 18:57:41,169] INFO [Controller id=0 epoch=2] Changed partition __consumer_offsets-37 from NewPartition to OnlinePartition with state LeaderAndIsr(leader=0, leaderEpoch=0, isrWithBrokerEpoch=List(BrokerState(brokerId=0, brokerEpoch=-1)), leaderRecoveryState=RECOVERED, partitionEpoch=0) (state.change.logger)
[2023-07-04 18:57:41,169] INFO [Controller id=0 epoch=2] Changed partition __consumer_offsets-38 from NewPartition to OnlinePartition with state LeaderAndIsr(leader=0, leaderEpoch=0, isrWithBrokerEpoch=List(BrokerState(brokerId=0, brokerEpoch=-1)), leaderRecoveryState=RECOVERED, partitionEpoch=0) (state.change.logger)
[2023-07-04 18:57:41,169] INFO [Controller id=0 epoch=2] Changed partition __consumer_offsets-13 from NewPartition to OnlinePartition with state LeaderAndIsr(leader=0, leaderEpoch=0, isrWithBrokerEpoch=List(BrokerState(brokerId=0, brokerEpoch=-1)), leaderRecoveryState=RECOVERED, partitionEpoch=0) (state.change.logger)
[2023-07-04 18:57:41,169] INFO [Controller id=0 epoch=2] Changed partition __consumer_offsets-8 from NewPartition to OnlinePartition with state LeaderAndIsr(leader=0, leaderEpoch=0, isrWithBrokerEpoch=List(BrokerState(brokerId=0, brokerEpoch=-1)), leaderRecoveryState=RECOVERED, partitionEpoch=0) (state.change.logger)
[2023-07-04 18:57:41,169] INFO [Controller id=0 epoch=2] Changed partition __consumer_offsets-21 from NewPartition to OnlinePartition with state LeaderAndIsr(leader=0, leaderEpoch=0, isrWithBrokerEpoch=List(BrokerState(brokerId=0, brokerEpoch=-1)), leaderRecoveryState=RECOVERED, partitionEpoch=0) (state.change.logger)
[2023-07-04 18:57:41,169] INFO [Controller id=0 epoch=2] Changed partition __consumer_offsets-4 from NewPartition to OnlinePartition with state LeaderAndIsr(leader=0, leaderEpoch=0, isrWithBrokerEpoch=List(BrokerState(brokerId=0, brokerEpoch=-1)), leaderRecoveryState=RECOVERED, partitionEpoch=0) (state.change.logger)
[2023-07-04 18:57:41,169] INFO [Controller id=0 epoch=2] Changed partition __consumer_offsets-27 from NewPartition to OnlinePartition with state LeaderAndIsr(leader=0, leaderEpoch=0, isrWithBrokerEpoch=List(BrokerState(brokerId=0, brokerEpoch=-1)), leaderRecoveryState=RECOVERED, partitionEpoch=0) (state.change.logger)
[2023-07-04 18:57:41,169] INFO [Controller id=0 epoch=2] Changed partition __consumer_offsets-7 from NewPartition to OnlinePartition with state LeaderAndIsr(leader=0, leaderEpoch=0, isrWithBrokerEpoch=List(BrokerState(brokerId=0, brokerEpoch=-1)), leaderRecoveryState=RECOVERED, partitionEpoch=0) (state.change.logger)
[2023-07-04 18:57:41,169] INFO [Controller id=0 epoch=2] Changed partition __consumer_offsets-9 from NewPartition to OnlinePartition with state LeaderAndIsr(leader=0, leaderEpoch=0, isrWithBrokerEpoch=List(BrokerState(brokerId=0, brokerEpoch=-1)), leaderRecoveryState=RECOVERED, partitionEpoch=0) (state.change.logger)
[2023-07-04 18:57:41,169] INFO [Controller id=0 epoch=2] Changed partition __consumer_offsets-46 from NewPartition to OnlinePartition with state LeaderAndIsr(leader=0, leaderEpoch=0, isrWithBrokerEpoch=List(BrokerState(brokerId=0, brokerEpoch=-1)), leaderRecoveryState=RECOVERED, partitionEpoch=0) (state.change.logger)
[2023-07-04 18:57:41,169] INFO [Controller id=0 epoch=2] Changed partition __consumer_offsets-41 from NewPartition to OnlinePartition with state LeaderAndIsr(leader=0, leaderEpoch=0, isrWithBrokerEpoch=List(BrokerState(brokerId=0, brokerEpoch=-1)), leaderRecoveryState=RECOVERED, partitionEpoch=0) (state.change.logger)
[2023-07-04 18:57:41,170] INFO [Controller id=0 epoch=2] Changed partition __consumer_offsets-33 from NewPartition to OnlinePartition with state LeaderAndIsr(leader=0, leaderEpoch=0, isrWithBrokerEpoch=List(BrokerState(brokerId=0, brokerEpoch=-1)), leaderRecoveryState=RECOVERED, partitionEpoch=0) (state.change.logger)
[2023-07-04 18:57:41,170] INFO [Controller id=0 epoch=2] Changed partition __consumer_offsets-23 from NewPartition to OnlinePartition with state LeaderAndIsr(leader=0, leaderEpoch=0, isrWithBrokerEpoch=List(BrokerState(brokerId=0, brokerEpoch=-1)), leaderRecoveryState=RECOVERED, partitionEpoch=0) (state.change.logger)
[2023-07-04 18:57:41,170] INFO [Controller id=0 epoch=2] Changed partition __consumer_offsets-49 from NewPartition to OnlinePartition with state LeaderAndIsr(leader=0, leaderEpoch=0, isrWithBrokerEpoch=List(BrokerState(brokerId=0, brokerEpoch=-1)), leaderRecoveryState=RECOVERED, partitionEpoch=0) (state.change.logger)
[2023-07-04 18:57:41,170] INFO [Controller id=0 epoch=2] Changed partition __consumer_offsets-47 from NewPartition to OnlinePartition with state LeaderAndIsr(leader=0, leaderEpoch=0, isrWithBrokerEpoch=List(BrokerState(brokerId=0, brokerEpoch=-1)), leaderRecoveryState=RECOVERED, partitionEpoch=0) (state.change.logger)
[2023-07-04 18:57:41,170] INFO [Controller id=0 epoch=2] Changed partition __consumer_offsets-16 from NewPartition to OnlinePartition with state LeaderAndIsr(leader=0, leaderEpoch=0, isrWithBrokerEpoch=List(BrokerState(brokerId=0, brokerEpoch=-1)), leaderRecoveryState=RECOVERED, partitionEpoch=0) (state.change.logger)
[2023-07-04 18:57:41,170] INFO [Controller id=0 epoch=2] Changed partition __consumer_offsets-28 from NewPartition to OnlinePartition with state LeaderAndIsr(leader=0, leaderEpoch=0, isrWithBrokerEpoch=List(BrokerState(brokerId=0, brokerEpoch=-1)), leaderRecoveryState=RECOVERED, partitionEpoch=0) (state.change.logger)
[2023-07-04 18:57:41,170] INFO [Controller id=0 epoch=2] Changed partition __consumer_offsets-31 from NewPartition to OnlinePartition with state LeaderAndIsr(leader=0, leaderEpoch=0, isrWithBrokerEpoch=List(BrokerState(brokerId=0, brokerEpoch=-1)), leaderRecoveryState=RECOVERED, partitionEpoch=0) (state.change.logger)
[2023-07-04 18:57:41,170] INFO [Controller id=0 epoch=2] Changed partition __consumer_offsets-36 from NewPartition to OnlinePartition with state LeaderAndIsr(leader=0, leaderEpoch=0, isrWithBrokerEpoch=List(BrokerState(brokerId=0, brokerEpoch=-1)), leaderRecoveryState=RECOVERED, partitionEpoch=0) (state.change.logger)
[2023-07-04 18:57:41,170] INFO [Controller id=0 epoch=2] Changed partition __consumer_offsets-42 from NewPartition to OnlinePartition with state LeaderAndIsr(leader=0, leaderEpoch=0, isrWithBrokerEpoch=List(BrokerState(brokerId=0, brokerEpoch=-1)), leaderRecoveryState=RECOVERED, partitionEpoch=0) (state.change.logger)
[2023-07-04 18:57:41,170] INFO [Controller id=0 epoch=2] Changed partition __consumer_offsets-3 from NewPartition to OnlinePartition with state LeaderAndIsr(leader=0, leaderEpoch=0, isrWithBrokerEpoch=List(BrokerState(brokerId=0, brokerEpoch=-1)), leaderRecoveryState=RECOVERED, partitionEpoch=0) (state.change.logger)
[2023-07-04 18:57:41,170] INFO [Controller id=0 epoch=2] Changed partition __consumer_offsets-18 from NewPartition to OnlinePartition with state LeaderAndIsr(leader=0, leaderEpoch=0, isrWithBrokerEpoch=List(BrokerState(brokerId=0, brokerEpoch=-1)), leaderRecoveryState=RECOVERED, partitionEpoch=0) (state.change.logger)
[2023-07-04 18:57:41,170] INFO [Controller id=0 epoch=2] Changed partition __consumer_offsets-15 from NewPartition to OnlinePartition with state LeaderAndIsr(leader=0, leaderEpoch=0, isrWithBrokerEpoch=List(BrokerState(brokerId=0, brokerEpoch=-1)), leaderRecoveryState=RECOVERED, partitionEpoch=0) (state.change.logger)
[2023-07-04 18:57:41,170] INFO [Controller id=0 epoch=2] Changed partition __consumer_offsets-24 from NewPartition to OnlinePartition with state LeaderAndIsr(leader=0, leaderEpoch=0, isrWithBrokerEpoch=List(BrokerState(brokerId=0, brokerEpoch=-1)), leaderRecoveryState=RECOVERED, partitionEpoch=0) (state.change.logger)
[2023-07-04 18:57:41,170] INFO [Controller id=0 epoch=2] Changed partition __consumer_offsets-17 from NewPartition to OnlinePartition with state LeaderAndIsr(leader=0, leaderEpoch=0, isrWithBrokerEpoch=List(BrokerState(brokerId=0, brokerEpoch=-1)), leaderRecoveryState=RECOVERED, partitionEpoch=0) (state.change.logger)
[2023-07-04 18:57:41,170] INFO [Controller id=0 epoch=2] Changed partition __consumer_offsets-48 from NewPartition to OnlinePartition with state LeaderAndIsr(leader=0, leaderEpoch=0, isrWithBrokerEpoch=List(BrokerState(brokerId=0, brokerEpoch=-1)), leaderRecoveryState=RECOVERED, partitionEpoch=0) (state.change.logger)
[2023-07-04 18:57:41,170] INFO [Controller id=0 epoch=2] Changed partition __consumer_offsets-19 from NewPartition to OnlinePartition with state LeaderAndIsr(leader=0, leaderEpoch=0, isrWithBrokerEpoch=List(BrokerState(brokerId=0, brokerEpoch=-1)), leaderRecoveryState=RECOVERED, partitionEpoch=0) (state.change.logger)
[2023-07-04 18:57:41,170] INFO [Controller id=0 epoch=2] Changed partition __consumer_offsets-11 from NewPartition to OnlinePartition with state LeaderAndIsr(leader=0, leaderEpoch=0, isrWithBrokerEpoch=List(BrokerState(brokerId=0, brokerEpoch=-1)), leaderRecoveryState=RECOVERED, partitionEpoch=0) (state.change.logger)
[2023-07-04 18:57:41,170] INFO [Controller id=0 epoch=2] Changed partition __consumer_offsets-2 from NewPartition to OnlinePartition with state LeaderAndIsr(leader=0, leaderEpoch=0, isrWithBrokerEpoch=List(BrokerState(brokerId=0, brokerEpoch=-1)), leaderRecoveryState=RECOVERED, partitionEpoch=0) (state.change.logger)
[2023-07-04 18:57:41,170] INFO [Controller id=0 epoch=2] Changed partition __consumer_offsets-43 from NewPartition to OnlinePartition with state LeaderAndIsr(leader=0, leaderEpoch=0, isrWithBrokerEpoch=List(BrokerState(brokerId=0, brokerEpoch=-1)), leaderRecoveryState=RECOVERED, partitionEpoch=0) (state.change.logger)
[2023-07-04 18:57:41,170] INFO [Controller id=0 epoch=2] Changed partition __consumer_offsets-6 from NewPartition to OnlinePartition with state LeaderAndIsr(leader=0, leaderEpoch=0, isrWithBrokerEpoch=List(BrokerState(brokerId=0, brokerEpoch=-1)), leaderRecoveryState=RECOVERED, partitionEpoch=0) (state.change.logger)
[2023-07-04 18:57:41,170] INFO [Controller id=0 epoch=2] Changed partition __consumer_offsets-14 from NewPartition to OnlinePartition with state LeaderAndIsr(leader=0, leaderEpoch=0, isrWithBrokerEpoch=List(BrokerState(brokerId=0, brokerEpoch=-1)), leaderRecoveryState=RECOVERED, partitionEpoch=0) (state.change.logger)
[2023-07-04 18:57:41,170] INFO [Controller id=0 epoch=2] Changed partition __consumer_offsets-20 from NewPartition to OnlinePartition with state LeaderAndIsr(leader=0, leaderEpoch=0, isrWithBrokerEpoch=List(BrokerState(brokerId=0, brokerEpoch=-1)), leaderRecoveryState=RECOVERED, partitionEpoch=0) (state.change.logger)
[2023-07-04 18:57:41,170] INFO [Controller id=0 epoch=2] Changed partition __consumer_offsets-0 from NewPartition to OnlinePartition with state LeaderAndIsr(leader=0, leaderEpoch=0, isrWithBrokerEpoch=List(BrokerState(brokerId=0, brokerEpoch=-1)), leaderRecoveryState=RECOVERED, partitionEpoch=0) (state.change.logger)
[2023-07-04 18:57:41,170] INFO [Controller id=0 epoch=2] Changed partition __consumer_offsets-44 from NewPartition to OnlinePartition with state LeaderAndIsr(leader=0, leaderEpoch=0, isrWithBrokerEpoch=List(BrokerState(brokerId=0, brokerEpoch=-1)), leaderRecoveryState=RECOVERED, partitionEpoch=0) (state.change.logger)
[2023-07-04 18:57:41,170] INFO [Controller id=0 epoch=2] Changed partition __consumer_offsets-39 from NewPartition to OnlinePartition with state LeaderAndIsr(leader=0, leaderEpoch=0, isrWithBrokerEpoch=List(BrokerState(brokerId=0, brokerEpoch=-1)), leaderRecoveryState=RECOVERED, partitionEpoch=0) (state.change.logger)
[2023-07-04 18:57:41,170] INFO [Controller id=0 epoch=2] Changed partition __consumer_offsets-12 from NewPartition to OnlinePartition with state LeaderAndIsr(leader=0, leaderEpoch=0, isrWithBrokerEpoch=List(BrokerState(brokerId=0, brokerEpoch=-1)), leaderRecoveryState=RECOVERED, partitionEpoch=0) (state.change.logger)
[2023-07-04 18:57:41,170] INFO [Controller id=0 epoch=2] Changed partition __consumer_offsets-45 from NewPartition to OnlinePartition with state LeaderAndIsr(leader=0, leaderEpoch=0, isrWithBrokerEpoch=List(BrokerState(brokerId=0, brokerEpoch=-1)), leaderRecoveryState=RECOVERED, partitionEpoch=0) (state.change.logger)
[2023-07-04 18:57:41,170] INFO [Controller id=0 epoch=2] Changed partition __consumer_offsets-1 from NewPartition to OnlinePartition with state LeaderAndIsr(leader=0, leaderEpoch=0, isrWithBrokerEpoch=List(BrokerState(brokerId=0, brokerEpoch=-1)), leaderRecoveryState=RECOVERED, partitionEpoch=0) (state.change.logger)
[2023-07-04 18:57:41,170] INFO [Controller id=0 epoch=2] Changed partition __consumer_offsets-5 from NewPartition to OnlinePartition with state LeaderAndIsr(leader=0, leaderEpoch=0, isrWithBrokerEpoch=List(BrokerState(brokerId=0, brokerEpoch=-1)), leaderRecoveryState=RECOVERED, partitionEpoch=0) (state.change.logger)
[2023-07-04 18:57:41,170] INFO [Controller id=0 epoch=2] Changed partition __consumer_offsets-26 from NewPartition to OnlinePartition with state LeaderAndIsr(leader=0, leaderEpoch=0, isrWithBrokerEpoch=List(BrokerState(brokerId=0, brokerEpoch=-1)), leaderRecoveryState=RECOVERED, partitionEpoch=0) (state.change.logger)
[2023-07-04 18:57:41,170] INFO [Controller id=0 epoch=2] Changed partition __consumer_offsets-29 from NewPartition to OnlinePartition with state LeaderAndIsr(leader=0, leaderEpoch=0, isrWithBrokerEpoch=List(BrokerState(brokerId=0, brokerEpoch=-1)), leaderRecoveryState=RECOVERED, partitionEpoch=0) (state.change.logger)
[2023-07-04 18:57:41,170] INFO [Controller id=0 epoch=2] Changed partition __consumer_offsets-34 from NewPartition to OnlinePartition with state LeaderAndIsr(leader=0, leaderEpoch=0, isrWithBrokerEpoch=List(BrokerState(brokerId=0, brokerEpoch=-1)), leaderRecoveryState=RECOVERED, partitionEpoch=0) (state.change.logger)
[2023-07-04 18:57:41,170] INFO [Controller id=0 epoch=2] Changed partition __consumer_offsets-10 from NewPartition to OnlinePartition with state LeaderAndIsr(leader=0, leaderEpoch=0, isrWithBrokerEpoch=List(BrokerState(brokerId=0, brokerEpoch=-1)), leaderRecoveryState=RECOVERED, partitionEpoch=0) (state.change.logger)
[2023-07-04 18:57:41,170] INFO [Controller id=0 epoch=2] Changed partition __consumer_offsets-32 from NewPartition to OnlinePartition with state LeaderAndIsr(leader=0, leaderEpoch=0, isrWithBrokerEpoch=List(BrokerState(brokerId=0, brokerEpoch=-1)), leaderRecoveryState=RECOVERED, partitionEpoch=0) (state.change.logger)
[2023-07-04 18:57:41,170] INFO [Controller id=0 epoch=2] Changed partition __consumer_offsets-40 from NewPartition to OnlinePartition with state LeaderAndIsr(leader=0, leaderEpoch=0, isrWithBrokerEpoch=List(BrokerState(brokerId=0, brokerEpoch=-1)), leaderRecoveryState=RECOVERED, partitionEpoch=0) (state.change.logger)
[2023-07-04 18:57:41,171] INFO [Controller id=0 epoch=2] Sending LeaderAndIsr request to broker 0 with 50 become-leader and 0 become-follower partitions (state.change.logger)
[2023-07-04 18:57:41,171] INFO [Controller id=0 epoch=2] Sending UpdateMetadata request to brokers HashSet(0) for 50 partitions (state.change.logger)
[2023-07-04 18:57:41,172] INFO [Controller id=0 epoch=2] Sending UpdateMetadata request to brokers HashSet() for 0 partitions (state.change.logger)
[2023-07-04 18:57:41,172] INFO [Broker id=0] Handling LeaderAndIsr request correlationId 5 from controller 0 for 50 partitions (state.change.logger)
[2023-07-04 18:57:41,184] INFO [Broker id=0] Stopped fetchers as part of LeaderAndIsr request correlationId 5 from controller 0 epoch 2 as part of the become-leader transition for 50 partitions (state.change.logger)
[2023-07-04 18:57:41,199] INFO [Broker id=0] Leader __consumer_offsets-3 with topic id Some(m7K-iv9cQQmWdv2XIlixAw) starts at leader epoch 0 from offset 0 with partition epoch 0, high watermark 0, ISR [0], adding replicas [] and removing replicas [] . Previous leader epoch was -1. (state.change.logger)
[2023-07-04 18:57:41,209] INFO [Broker id=0] Leader __consumer_offsets-18 with topic id Some(m7K-iv9cQQmWdv2XIlixAw) starts at leader epoch 0 from offset 0 with partition epoch 0, high watermark 0, ISR [0], adding replicas [] and removing replicas [] . Previous leader epoch was -1. (state.change.logger)
[2023-07-04 18:57:41,220] INFO [Broker id=0] Leader __consumer_offsets-41 with topic id Some(m7K-iv9cQQmWdv2XIlixAw) starts at leader epoch 0 from offset 0 with partition epoch 0, high watermark 0, ISR [0], adding replicas [] and removing replicas [] . Previous leader epoch was -1. (state.change.logger)
[2023-07-04 18:57:41,231] INFO [Broker id=0] Leader __consumer_offsets-10 with topic id Some(m7K-iv9cQQmWdv2XIlixAw) starts at leader epoch 0 from offset 0 with partition epoch 0, high watermark 0, ISR [0], adding replicas [] and removing replicas [] . Previous leader epoch was -1. (state.change.logger)
[2023-07-04 18:57:41,243] INFO [Broker id=0] Leader __consumer_offsets-33 with topic id Some(m7K-iv9cQQmWdv2XIlixAw) starts at leader epoch 0 from offset 0 with partition epoch 0, high watermark 0, ISR [0], adding replicas [] and removing replicas [] . Previous leader epoch was -1. (state.change.logger)
[2023-07-04 18:57:41,253] INFO [Broker id=0] Leader __consumer_offsets-48 with topic id Some(m7K-iv9cQQmWdv2XIlixAw) starts at leader epoch 0 from offset 0 with partition epoch 0, high watermark 0, ISR [0], adding replicas [] and removing replicas [] . Previous leader epoch was -1. (state.change.logger)
[2023-07-04 18:57:41,264] INFO [Broker id=0] Leader __consumer_offsets-19 with topic id Some(m7K-iv9cQQmWdv2XIlixAw) starts at leader epoch 0 from offset 0 with partition epoch 0, high watermark 0, ISR [0], adding replicas [] and removing replicas [] . Previous leader epoch was -1. (state.change.logger)
[2023-07-04 18:57:41,274] INFO [Broker id=0] Leader __consumer_offsets-34 with topic id Some(m7K-iv9cQQmWdv2XIlixAw) starts at leader epoch 0 from offset 0 with partition epoch 0, high watermark 0, ISR [0], adding replicas [] and removing replicas [] . Previous leader epoch was -1. (state.change.logger)
[2023-07-04 18:57:41,284] INFO [Broker id=0] Leader __consumer_offsets-4 with topic id Some(m7K-iv9cQQmWdv2XIlixAw) starts at leader epoch 0 from offset 0 with partition epoch 0, high watermark 0, ISR [0], adding replicas [] and removing replicas [] . Previous leader epoch was -1. (state.change.logger)
[2023-07-04 18:57:41,296] INFO [Broker id=0] Leader __consumer_offsets-11 with topic id Some(m7K-iv9cQQmWdv2XIlixAw) starts at leader epoch 0 from offset 0 with partition epoch 0, high watermark 0, ISR [0], adding replicas [] and removing replicas [] . Previous leader epoch was -1. (state.change.logger)
[2023-07-04 18:57:41,305] INFO [Broker id=0] Leader __consumer_offsets-26 with topic id Some(m7K-iv9cQQmWdv2XIlixAw) starts at leader epoch 0 from offset 0 with partition epoch 0, high watermark 0, ISR [0], adding replicas [] and removing replicas [] . Previous leader epoch was -1. (state.change.logger)
[2023-07-04 18:57:41,315] INFO [Broker id=0] Leader __consumer_offsets-49 with topic id Some(m7K-iv9cQQmWdv2XIlixAw) starts at leader epoch 0 from offset 0 with partition epoch 0, high watermark 0, ISR [0], adding replicas [] and removing replicas [] . Previous leader epoch was -1. (state.change.logger)
[2023-07-04 18:57:41,326] INFO [Broker id=0] Leader __consumer_offsets-39 with topic id Some(m7K-iv9cQQmWdv2XIlixAw) starts at leader epoch 0 from offset 0 with partition epoch 0, high watermark 0, ISR [0], adding replicas [] and removing replicas [] . Previous leader epoch was -1. (state.change.logger)
[2023-07-04 18:57:41,336] INFO [Broker id=0] Leader __consumer_offsets-9 with topic id Some(m7K-iv9cQQmWdv2XIlixAw) starts at leader epoch 0 from offset 0 with partition epoch 0, high watermark 0, ISR [0], adding replicas [] and removing replicas [] . Previous leader epoch was -1. (state.change.logger)
[2023-07-04 18:57:41,345] INFO [Broker id=0] Leader __consumer_offsets-24 with topic id Some(m7K-iv9cQQmWdv2XIlixAw) starts at leader epoch 0 from offset 0 with partition epoch 0, high watermark 0, ISR [0], adding replicas [] and removing replicas [] . Previous leader epoch was -1. (state.change.logger)
[2023-07-04 18:57:41,355] INFO [Broker id=0] Leader __consumer_offsets-31 with topic id Some(m7K-iv9cQQmWdv2XIlixAw) starts at leader epoch 0 from offset 0 with partition epoch 0, high watermark 0, ISR [0], adding replicas [] and removing replicas [] . Previous leader epoch was -1. (state.change.logger)
[2023-07-04 18:57:41,365] INFO [Broker id=0] Leader __consumer_offsets-46 with topic id Some(m7K-iv9cQQmWdv2XIlixAw) starts at leader epoch 0 from offset 0 with partition epoch 0, high watermark 0, ISR [0], adding replicas [] and removing replicas [] . Previous leader epoch was -1. (state.change.logger)
[2023-07-04 18:57:41,376] INFO [Broker id=0] Leader __consumer_offsets-1 with topic id Some(m7K-iv9cQQmWdv2XIlixAw) starts at leader epoch 0 from offset 0 with partition epoch 0, high watermark 0, ISR [0], adding replicas [] and removing replicas [] . Previous leader epoch was -1. (state.change.logger)
[2023-07-04 18:57:41,386] INFO [Broker id=0] Leader __consumer_offsets-16 with topic id Some(m7K-iv9cQQmWdv2XIlixAw) starts at leader epoch 0 from offset 0 with partition epoch 0, high watermark 0, ISR [0], adding replicas [] and removing replicas [] . Previous leader epoch was -1. (state.change.logger)
[2023-07-04 18:57:41,397] INFO [Broker id=0] Leader __consumer_offsets-2 with topic id Some(m7K-iv9cQQmWdv2XIlixAw) starts at leader epoch 0 from offset 0 with partition epoch 0, high watermark 0, ISR [0], adding replicas [] and removing replicas [] . Previous leader epoch was -1. (state.change.logger)
[2023-07-04 18:57:41,408] INFO [Broker id=0] Leader __consumer_offsets-25 with topic id Some(m7K-iv9cQQmWdv2XIlixAw) starts at leader epoch 0 from offset 0 with partition epoch 0, high watermark 0, ISR [0], adding replicas [] and removing replicas [] . Previous leader epoch was -1. (state.change.logger)
[2023-07-04 18:57:41,419] INFO [Broker id=0] Leader __consumer_offsets-40 with topic id Some(m7K-iv9cQQmWdv2XIlixAw) starts at leader epoch 0 from offset 0 with partition epoch 0, high watermark 0, ISR [0], adding replicas [] and removing replicas [] . Previous leader epoch was -1. (state.change.logger)
[2023-07-04 18:57:41,429] INFO [Broker id=0] Leader __consumer_offsets-47 with topic id Some(m7K-iv9cQQmWdv2XIlixAw) starts at leader epoch 0 from offset 0 with partition epoch 0, high watermark 0, ISR [0], adding replicas [] and removing replicas [] . Previous leader epoch was -1. (state.change.logger)
[2023-07-04 18:57:41,440] INFO [Broker id=0] Leader __consumer_offsets-17 with topic id Some(m7K-iv9cQQmWdv2XIlixAw) starts at leader epoch 0 from offset 0 with partition epoch 0, high watermark 0, ISR [0], adding replicas [] and removing replicas [] . Previous leader epoch was -1. (state.change.logger)
[2023-07-04 18:57:41,451] INFO [Broker id=0] Leader __consumer_offsets-32 with topic id Some(m7K-iv9cQQmWdv2XIlixAw) starts at leader epoch 0 from offset 0 with partition epoch 0, high watermark 0, ISR [0], adding replicas [] and removing replicas [] . Previous leader epoch was -1. (state.change.logger)
[2023-07-04 18:57:41,461] INFO [Broker id=0] Leader __consumer_offsets-37 with topic id Some(m7K-iv9cQQmWdv2XIlixAw) starts at leader epoch 0 from offset 0 with partition epoch 0, high watermark 0, ISR [0], adding replicas [] and removing replicas [] . Previous leader epoch was -1. (state.change.logger)
[2023-07-04 18:57:41,472] INFO [Broker id=0] Leader __consumer_offsets-7 with topic id Some(m7K-iv9cQQmWdv2XIlixAw) starts at leader epoch 0 from offset 0 with partition epoch 0, high watermark 0, ISR [0], adding replicas [] and removing replicas [] . Previous leader epoch was -1. (state.change.logger)
[2023-07-04 18:57:41,483] INFO [Broker id=0] Leader __consumer_offsets-22 with topic id Some(m7K-iv9cQQmWdv2XIlixAw) starts at leader epoch 0 from offset 0 with partition epoch 0, high watermark 0, ISR [0], adding replicas [] and removing replicas [] . Previous leader epoch was -1. (state.change.logger)
[2023-07-04 18:57:41,494] INFO [Broker id=0] Leader __consumer_offsets-29 with topic id Some(m7K-iv9cQQmWdv2XIlixAw) starts at leader epoch 0 from offset 0 with partition epoch 0, high watermark 0, ISR [0], adding replicas [] and removing replicas [] . Previous leader epoch was -1. (state.change.logger)
[2023-07-04 18:57:41,505] INFO [Broker id=0] Leader __consumer_offsets-44 with topic id Some(m7K-iv9cQQmWdv2XIlixAw) starts at leader epoch 0 from offset 0 with partition epoch 0, high watermark 0, ISR [0], adding replicas [] and removing replicas [] . Previous leader epoch was -1. (state.change.logger)
[2023-07-04 18:57:41,516] INFO [Broker id=0] Leader __consumer_offsets-14 with topic id Some(m7K-iv9cQQmWdv2XIlixAw) starts at leader epoch 0 from offset 0 with partition epoch 0, high watermark 0, ISR [0], adding replicas [] and removing replicas [] . Previous leader epoch was -1. (state.change.logger)
[2023-07-04 18:57:41,525] INFO [Broker id=0] Leader __consumer_offsets-23 with topic id Some(m7K-iv9cQQmWdv2XIlixAw) starts at leader epoch 0 from offset 0 with partition epoch 0, high watermark 0, ISR [0], adding replicas [] and removing replicas [] . Previous leader epoch was -1. (state.change.logger)
[2023-07-04 18:57:41,536] INFO [Broker id=0] Leader __consumer_offsets-38 with topic id Some(m7K-iv9cQQmWdv2XIlixAw) starts at leader epoch 0 from offset 0 with partition epoch 0, high watermark 0, ISR [0], adding replicas [] and removing replicas [] . Previous leader epoch was -1. (state.change.logger)
[2023-07-04 18:57:41,547] INFO [Broker id=0] Leader __consumer_offsets-8 with topic id Some(m7K-iv9cQQmWdv2XIlixAw) starts at leader epoch 0 from offset 0 with partition epoch 0, high watermark 0, ISR [0], adding replicas [] and removing replicas [] . Previous leader epoch was -1. (state.change.logger)
[2023-07-04 18:57:41,557] INFO [Broker id=0] Leader __consumer_offsets-45 with topic id Some(m7K-iv9cQQmWdv2XIlixAw) starts at leader epoch 0 from offset 0 with partition epoch 0, high watermark 0, ISR [0], adding replicas [] and removing replicas [] . Previous leader epoch was -1. (state.change.logger)
[2023-07-04 18:57:41,567] INFO [Broker id=0] Leader __consumer_offsets-15 with topic id Some(m7K-iv9cQQmWdv2XIlixAw) starts at leader epoch 0 from offset 0 with partition epoch 0, high watermark 0, ISR [0], adding replicas [] and removing replicas [] . Previous leader epoch was -1. (state.change.logger)
[2023-07-04 18:57:41,578] INFO [Broker id=0] Leader __consumer_offsets-30 with topic id Some(m7K-iv9cQQmWdv2XIlixAw) starts at leader epoch 0 from offset 0 with partition epoch 0, high watermark 0, ISR [0], adding replicas [] and removing replicas [] . Previous leader epoch was -1. (state.change.logger)
[2023-07-04 18:57:41,589] INFO [Broker id=0] Leader __consumer_offsets-0 with topic id Some(m7K-iv9cQQmWdv2XIlixAw) starts at leader epoch 0 from offset 0 with partition epoch 0, high watermark 0, ISR [0], adding replicas [] and removing replicas [] . Previous leader epoch was -1. (state.change.logger)
[2023-07-04 18:57:41,598] INFO [Broker id=0] Leader __consumer_offsets-35 with topic id Some(m7K-iv9cQQmWdv2XIlixAw) starts at leader epoch 0 from offset 0 with partition epoch 0, high watermark 0, ISR [0], adding replicas [] and removing replicas [] . Previous leader epoch was -1. (state.change.logger)
[2023-07-04 18:57:41,608] INFO [Broker id=0] Leader __consumer_offsets-5 with topic id Some(m7K-iv9cQQmWdv2XIlixAw) starts at leader epoch 0 from offset 0 with partition epoch 0, high watermark 0, ISR [0], adding replicas [] and removing replicas [] . Previous leader epoch was -1. (state.change.logger)
[2023-07-04 18:57:41,618] INFO [Broker id=0] Leader __consumer_offsets-20 with topic id Some(m7K-iv9cQQmWdv2XIlixAw) starts at leader epoch 0 from offset 0 with partition epoch 0, high watermark 0, ISR [0], adding replicas [] and removing replicas [] . Previous leader epoch was -1. (state.change.logger)
[2023-07-04 18:57:41,628] INFO [Broker id=0] Leader __consumer_offsets-27 with topic id Some(m7K-iv9cQQmWdv2XIlixAw) starts at leader epoch 0 from offset 0 with partition epoch 0, high watermark 0, ISR [0], adding replicas [] and removing replicas [] . Previous leader epoch was -1. (state.change.logger)
[2023-07-04 18:57:41,638] INFO [Broker id=0] Leader __consumer_offsets-42 with topic id Some(m7K-iv9cQQmWdv2XIlixAw) starts at leader epoch 0 from offset 0 with partition epoch 0, high watermark 0, ISR [0], adding replicas [] and removing replicas [] . Previous leader epoch was -1. (state.change.logger)
[2023-07-04 18:57:41,648] INFO [Broker id=0] Leader __consumer_offsets-12 with topic id Some(m7K-iv9cQQmWdv2XIlixAw) starts at leader epoch 0 from offset 0 with partition epoch 0, high watermark 0, ISR [0], adding replicas [] and removing replicas [] . Previous leader epoch was -1. (state.change.logger)
[2023-07-04 18:57:41,659] INFO [Broker id=0] Leader __consumer_offsets-21 with topic id Some(m7K-iv9cQQmWdv2XIlixAw) starts at leader epoch 0 from offset 0 with partition epoch 0, high watermark 0, ISR [0], adding replicas [] and removing replicas [] . Previous leader epoch was -1. (state.change.logger)
[2023-07-04 18:57:41,670] INFO [Broker id=0] Leader __consumer_offsets-36 with topic id Some(m7K-iv9cQQmWdv2XIlixAw) starts at leader epoch 0 from offset 0 with partition epoch 0, high watermark 0, ISR [0], adding replicas [] and removing replicas [] . Previous leader epoch was -1. (state.change.logger)
[2023-07-04 18:57:41,680] INFO [Broker id=0] Leader __consumer_offsets-6 with topic id Some(m7K-iv9cQQmWdv2XIlixAw) starts at leader epoch 0 from offset 0 with partition epoch 0, high watermark 0, ISR [0], adding replicas [] and removing replicas [] . Previous leader epoch was -1. (state.change.logger)
[2023-07-04 18:57:41,690] INFO [Broker id=0] Leader __consumer_offsets-43 with topic id Some(m7K-iv9cQQmWdv2XIlixAw) starts at leader epoch 0 from offset 0 with partition epoch 0, high watermark 0, ISR [0], adding replicas [] and removing replicas [] . Previous leader epoch was -1. (state.change.logger)
[2023-07-04 18:57:41,700] INFO [Broker id=0] Leader __consumer_offsets-13 with topic id Some(m7K-iv9cQQmWdv2XIlixAw) starts at leader epoch 0 from offset 0 with partition epoch 0, high watermark 0, ISR [0], adding replicas [] and removing replicas [] . Previous leader epoch was -1. (state.change.logger)
[2023-07-04 18:57:41,711] INFO [Broker id=0] Leader __consumer_offsets-28 with topic id Some(m7K-iv9cQQmWdv2XIlixAw) starts at leader epoch 0 from offset 0 with partition epoch 0, high watermark 0, ISR [0], adding replicas [] and removing replicas [] . Previous leader epoch was -1. (state.change.logger)
[2023-07-04 18:57:41,756] INFO [Broker id=0] Finished LeaderAndIsr request in 584ms correlationId 5 from controller 0 for 50 partitions (state.change.logger)
[2023-07-04 18:57:41,758] INFO [Broker id=0] Add 50 partitions and deleted 0 partitions from metadata cache in response to UpdateMetadata request sent by controller 0 epoch 2 with correlation id 6 (state.change.logger)
